<?xml version="1.0" encoding="UTF-8"?>
<!-- Generated by org.testng.reporters.JUnitReportReporter -->
<testsuite hostname="DESKTOP-8MA2CUN" failures="0" tests="1" name="demoQaTests.DynamicPertiesTest" time="5.609" errors="0" timestamp="2023-12-13T22:27:39 EST" skipped="0">
  <testcase classname="demoQaTests.DynamicPertiesTest" name="elementsPageTextBoxTest" time="5.609"/>
  <system-out/>
</testsuite> <!-- demoQaTests.DynamicPertiesTest -->
