<?xml version="1.0" encoding="UTF-8"?>
<!-- Generated by org.testng.reporters.JUnitReportReporter -->
<testsuite hostname="DESKTOP-8MA2CUN" failures="0" tests="1" name="demoQaTests.CheckboxTest" time="2.548" errors="0" timestamp="2023-12-12T19:13:02 EST" skipped="0">
  <testcase classname="demoQaTests.CheckboxTest" name="elementsPageTextBoxTest" time="2.548"/>
  <system-out/>
</testsuite> <!-- demoQaTests.CheckboxTest -->
