<?xml version="1.0" encoding="UTF-8"?>
<!-- Generated by org.testng.reporters.JUnitReportReporter -->
<testsuite hostname="DESKTOP-8MA2CUN" failures="0" tests="1" name="widgetsTests.SliderTest" time="2.913" errors="0" timestamp="2023-12-15T20:28:38 EST" skipped="0">
  <testcase classname="widgetsTests.SliderTest" name="elementsPageTextBoxTest" time="2.913"/>
  <system-out/>
</testsuite> <!-- widgetsTests.SliderTest -->
