<?xml version="1.0" encoding="UTF-8"?>
<!-- Generated by org.testng.reporters.JUnitReportReporter -->
<testsuite hostname="DESKTOP-8MA2CUN" failures="0" tests="1" name="advancedJavaSeleniumfiles.OpenBrowser" time="0.007" errors="0" timestamp="2023-12-12T13:06:14 EST" skipped="0">
  <testcase classname="advancedJavaSeleniumfiles.OpenBrowser" name="openBrowser" time="0.007"/>
  <system-out/>
</testsuite> <!-- advancedJavaSeleniumfiles.OpenBrowser -->
