<?xml version="1.0" encoding="UTF-8"?>
<!-- Generated by org.testng.reporters.JUnitReportReporter -->
<testsuite hostname="DESKTOP-8MA2CUN" failures="0" tests="1" name="alertsFramesWindowsTests.BrowserWindowsTest" time="0.970" errors="0" timestamp="2023-12-15T20:05:01 EST" skipped="0">
  <testcase classname="alertsFramesWindowsTests.BrowserWindowsTest" name="alertsTest" time="0.970"/>
  <system-out/>
</testsuite> <!-- alertsFramesWindowsTests.BrowserWindowsTest -->
