<?xml version="1.0" encoding="UTF-8"?>
<!-- Generated by org.testng.reporters.JUnitReportReporter -->
<testsuite hostname="DESKTOP-8MA2CUN" failures="0" tests="1" name="demoQaTests.WebTableTest" time="1.277" errors="0" timestamp="2023-12-12T22:05:19 EST" skipped="0">
  <testcase classname="demoQaTests.WebTableTest" name="elementsPageTextBoxTest" time="1.277"/>
  <system-out/>
</testsuite> <!-- demoQaTests.WebTableTest -->
