<?xml version="1.0" encoding="UTF-8"?>
<!-- Generated by org.testng.reporters.JUnitReportReporter -->
<testsuite hostname="DESKTOP-8MA2CUN" failures="0" tests="1" name="advancedJavaSeleniumfiles.OpenBrwser" time="11.341" errors="0" timestamp="2023-12-12T12:54:28 EST" skipped="0">
  <testcase classname="advancedJavaSeleniumfiles.OpenBrwser" name="openBrowser" time="11.341"/>
  <system-out/>
</testsuite> <!-- advancedJavaSeleniumfiles.OpenBrwser -->
