<?xml version="1.0" encoding="UTF-8"?>
<!-- Generated by org.testng.reporters.JUnitReportReporter -->
<testsuite hostname="DESKTOP-8MA2CUN" failures="0" tests="1" name="widgetsTests.ToolTipsTest" time="2.759" errors="0" timestamp="2023-12-16T22:40:20 EST" skipped="0">
  <testcase classname="widgetsTests.ToolTipsTest" name="elementsPageTextBoxTest" time="2.759"/>
  <system-out/>
</testsuite> <!-- widgetsTests.ToolTipsTest -->
