<?xml version="1.0" encoding="UTF-8"?>
<!-- Generated by org.testng.reporters.JUnitReportReporter -->
<testsuite hostname="DESKTOP-8MA2CUN" failures="0" tests="1" name="alertsFramesWindowsTests.NestedFramesTest" time="3.972" errors="0" timestamp="2023-12-15T20:05:01 EST" skipped="0">
  <testcase classname="alertsFramesWindowsTests.NestedFramesTest" name="alertsTest" time="3.972"/>
  <system-out/>
</testsuite> <!-- alertsFramesWindowsTests.NestedFramesTest -->
