<?xml version="1.0" encoding="UTF-8"?>
<!-- Generated by org.testng.reporters.JUnitReportReporter -->
<testsuite hostname="DESKTOP-8MA2CUN" failures="0" tests="1" name="widgetsTests.AccordianTest" time="9.258" errors="0" timestamp="2023-12-15T21:14:10 EST" skipped="0">
  <testcase classname="widgetsTests.AccordianTest" name="elementsPageTextBoxTest" time="9.258"/>
  <system-out/>
</testsuite> <!-- widgetsTests.AccordianTest -->
