<?xml version="1.0" encoding="UTF-8"?>
<!-- Generated by org.testng.reporters.JUnitReportReporter -->
<testsuite hostname="DESKTOP-8MA2CUN" failures="0" tests="1" name="demoQaTests.ElementsPageTest" time="2.623" errors="0" timestamp="2023-12-12T18:36:09 EST" skipped="0">
  <testcase classname="demoQaTests.ElementsPageTest" name="elementsPageComponentsCheck" time="2.623"/>
  <system-out/>
</testsuite> <!-- demoQaTests.ElementsPageTest -->
