<?xml version="1.0" encoding="UTF-8"?>
<!-- Generated by org.testng.reporters.JUnitReportReporter -->
<testsuite hostname="DESKTOP-8MA2CUN" failures="0" tests="1" name="demoQaTests.LinksTest" time="4.892" errors="0" timestamp="2023-12-13T19:28:58 EST" skipped="0">
  <testcase classname="demoQaTests.LinksTest" name="elementsPageTextBoxTest" time="4.892"/>
  <system-out/>
</testsuite> <!-- demoQaTests.LinksTest -->
