<?xml version="1.0" encoding="UTF-8"?>
<!-- Generated by org.testng.reporters.JUnitReportReporter -->
<testsuite hostname="DESKTOP-8MA2CUN" failures="0" tests="1" name="widgetsTests.SliderTests" time="2.529" errors="0" timestamp="2023-12-15T20:02:45 EST" skipped="0">
  <testcase classname="widgetsTests.SliderTests" name="elementsPageTextBoxTest" time="2.529"/>
  <system-out/>
</testsuite> <!-- widgetsTests.SliderTests -->
