<?xml version="1.0" encoding="UTF-8"?>
<!-- Generated by org.testng.reporters.JUnitReportReporter -->
<testsuite hostname="DESKTOP-8MA2CUN" failures="0" tests="1" name="demoQaTests.UploadDownloadFileTest" time="4.751" errors="0" timestamp="2023-12-13T21:37:48 EST" skipped="0">
  <testcase classname="demoQaTests.UploadDownloadFileTest" name="elementsPageTextBoxTest" time="4.751"/>
  <system-out/>
</testsuite> <!-- demoQaTests.UploadDownloadFileTest -->
