<?xml version="1.0" encoding="UTF-8"?>
<!-- Generated by org.testng.reporters.JUnitReportReporter -->
<testsuite hostname="DESKTOP-8MA2CUN" failures="0" tests="1" name="widgetsTests.ProgressTest" time="6.690" errors="0" timestamp="2023-12-21T08:03:28 EST" skipped="0">
  <testcase classname="widgetsTests.ProgressTest" name="elementsPageTextBoxTest" time="6.690"/>
  <system-out/>
</testsuite> <!-- widgetsTests.ProgressTest -->
