<?xml version="1.0" encoding="UTF-8"?>
<!-- Generated by org.testng.reporters.JUnitReportReporter -->
<testsuite hostname="DESKTOP-8MA2CUN" failures="0" tests="1" name="demoQaTests.WebTableTest" time="3.051" errors="0" timestamp="2023-12-13T19:28:58 EST" skipped="0">
  <testcase classname="demoQaTests.WebTableTest" name="elementsPageTextBoxTest" time="3.051"/>
  <system-out/>
</testsuite> <!-- demoQaTests.WebTableTest -->
